<<<<<<< HEAD
This is pdfTeX, Version 3.1415926-2.4-1.40.13 (MiKTeX 2.9) (preloaded format=pdflatex 2013.3.21)  9 JAN 2014 21:53
=======
This is pdfTeX, Version 3.1415926-2.4-1.40.13 (MiKTeX 2.9 64-bit) (preloaded format=pdflatex 2013.3.20)  9 JAN 2014 21:46
>>>>>>> More report
entering extended mode
**Technical*Report.tex

("C:\Users\TiXiR\Documents\GitHub\ExtrapolateAndConquer\Doc\Technical Report.te
x"
LaTeX2e <2011/06/27>
Babel <v3.8m> and hyphenation patterns for english, afrikaans, ancientgreek, ar
abic, armenian, assamese, basque, bengali, bokmal, bulgarian, catalan, coptic, 
croatian, czech, danish, dutch, esperanto, estonian, farsi, finnish, french, ga
lician, german, german-x-2012-05-30, greek, gujarati, hindi, hungarian, iceland
ic, indonesian, interlingua, irish, italian, kannada, kurmanji, latin, latvian,
 lithuanian, malayalam, marathi, mongolian, mongolianlmc, monogreek, ngerman, n
german-x-2012-05-30, nynorsk, oriya, panjabi, pinyin, polish, portuguese, roman
ian, russian, sanskrit, serbian, slovak, slovenian, spanish, swedish, swissgerm
an, tamil, telugu, turkish, turkmen, ukenglish, ukrainian, uppersorbian, usengl
ishmax, welsh, loaded.
("C:\Program Files (x86)\MiKTeX 2.9\tex\latex\base\article.cls"
Document Class: article 2007/10/19 v1.4h Standard LaTeX document class
("C:\Program Files (x86)\MiKTeX 2.9\tex\latex\base\size10.clo"
File: size10.clo 2007/10/19 v1.4h Standard LaTeX file (size option)
)
\c@part=\count79
\c@section=\count80
\c@subsection=\count81
\c@subsubsection=\count82
\c@paragraph=\count83
\c@subparagraph=\count84
\c@figure=\count85
\c@table=\count86
\abovecaptionskip=\skip41
\belowcaptionskip=\skip42
\bibindent=\dimen102
)
("C:\Program Files (x86)\MiKTeX 2.9\tex\latex\geometry\geometry.sty"
Package: geometry 2010/09/12 v5.6 Page Geometry

("C:\Program Files (x86)\MiKTeX 2.9\tex\latex\graphics\keyval.sty"
Package: keyval 1999/03/16 v1.13 key=value parser (DPC)
\KV@toks@=\toks14
)
("C:\Program Files (x86)\MiKTeX 2.9\tex\generic\oberdiek\ifpdf.sty"
Package: ifpdf 2011/01/30 v2.3 Provides the ifpdf switch (HO)
Package ifpdf Info: pdfTeX in PDF mode is detected.
)
("C:\Program Files (x86)\MiKTeX 2.9\tex\generic\oberdiek\ifvtex.sty"
Package: ifvtex 2010/03/01 v1.5 Detect VTeX and its facilities (HO)
Package ifvtex Info: VTeX not detected.
)
("C:\Program Files (x86)\MiKTeX 2.9\tex\generic\ifxetex\ifxetex.sty"
Package: ifxetex 2010/09/12 v0.6 Provides ifxetex conditional
)
\Gm@cnth=\count87
\Gm@cntv=\count88
\c@Gm@tempcnt=\count89
\Gm@bindingoffset=\dimen103
\Gm@wd@mp=\dimen104
\Gm@odd@mp=\dimen105
\Gm@even@mp=\dimen106
\Gm@layoutwidth=\dimen107
\Gm@layoutheight=\dimen108
\Gm@layouthoffset=\dimen109
\Gm@layoutvoffset=\dimen110
\Gm@dimlist=\toks15

("C:\Program Files (x86)\MiKTeX 2.9\tex\latex\geometry\geometry.cfg"))
("C:\Program Files (x86)\MiKTeX 2.9\tex\latex\caption\subcaption.sty"
Package: subcaption 2013/02/03 v1.1-62 Sub-captions (AR)

("C:\Program Files (x86)\MiKTeX 2.9\tex\latex\caption\caption.sty"
Package: caption 2013/04/14 v3.3-73 Customizing captions (AR)

("C:\Program Files (x86)\MiKTeX 2.9\tex\latex\caption\caption3.sty"
Package: caption3 2013/04/14 v1.5-71 caption3 kernel (AR)
\captionmargin=\dimen111
\captionmargin@=\dimen112
\captionwidth=\dimen113
\caption@tempdima=\dimen114
\caption@indent=\dimen115
\caption@parindent=\dimen116
\caption@hangindent=\dimen117
)
\c@ContinuedFloat=\count90
)
\c@subfigure=\count91
\c@subtable=\count92
)
("C:\Program Files (x86)\MiKTeX 2.9\tex\latex\float\float.sty"
Package: float 2001/11/08 v1.3d Float enhancements (AL)
\c@float@type=\count93
\float@exts=\toks16
\float@box=\box26
\@float@everytoks=\toks17
\@floatcapt=\box27
)
("C:\Program Files (x86)\MiKTeX 2.9\tex\latex\base\inputenc.sty"
Package: inputenc 2008/03/30 v1.1d Input encoding file
\inpenc@prehook=\toks18
\inpenc@posthook=\toks19

("C:\Program Files (x86)\MiKTeX 2.9\tex\latex\base\utf8.def"
File: utf8.def 2008/04/05 v1.1m UTF-8 support for inputenc
Now handling font encoding OML ...
... no UTF-8 mapping file for font encoding OML
Now handling font encoding T1 ...
... processing UTF-8 mapping file for font encoding T1

("C:\Program Files (x86)\MiKTeX 2.9\tex\latex\base\t1enc.dfu"
File: t1enc.dfu 2008/04/05 v1.1m UTF-8 support for inputenc
   defining Unicode char U+00A1 (decimal 161)
   defining Unicode char U+00A3 (decimal 163)
   defining Unicode char U+00AB (decimal 171)
   defining Unicode char U+00BB (decimal 187)
   defining Unicode char U+00BF (decimal 191)
   defining Unicode char U+00C0 (decimal 192)
   defining Unicode char U+00C1 (decimal 193)
   defining Unicode char U+00C2 (decimal 194)
   defining Unicode char U+00C3 (decimal 195)
   defining Unicode char U+00C4 (decimal 196)
   defining Unicode char U+00C5 (decimal 197)
   defining Unicode char U+00C6 (decimal 198)
   defining Unicode char U+00C7 (decimal 199)
   defining Unicode char U+00C8 (decimal 200)
   defining Unicode char U+00C9 (decimal 201)
   defining Unicode char U+00CA (decimal 202)
   defining Unicode char U+00CB (decimal 203)
   defining Unicode char U+00CC (decimal 204)
   defining Unicode char U+00CD (decimal 205)
   defining Unicode char U+00CE (decimal 206)
   defining Unicode char U+00CF (decimal 207)
   defining Unicode char U+00D0 (decimal 208)
   defining Unicode char U+00D1 (decimal 209)
   defining Unicode char U+00D2 (decimal 210)
   defining Unicode char U+00D3 (decimal 211)
   defining Unicode char U+00D4 (decimal 212)
   defining Unicode char U+00D5 (decimal 213)
   defining Unicode char U+00D6 (decimal 214)
   defining Unicode char U+00D8 (decimal 216)
   defining Unicode char U+00D9 (decimal 217)
   defining Unicode char U+00DA (decimal 218)
   defining Unicode char U+00DB (decimal 219)
   defining Unicode char U+00DC (decimal 220)
   defining Unicode char U+00DD (decimal 221)
   defining Unicode char U+00DE (decimal 222)
   defining Unicode char U+00DF (decimal 223)
   defining Unicode char U+00E0 (decimal 224)
   defining Unicode char U+00E1 (decimal 225)
   defining Unicode char U+00E2 (decimal 226)
   defining Unicode char U+00E3 (decimal 227)
   defining Unicode char U+00E4 (decimal 228)
   defining Unicode char U+00E5 (decimal 229)
   defining Unicode char U+00E6 (decimal 230)
   defining Unicode char U+00E7 (decimal 231)
   defining Unicode char U+00E8 (decimal 232)
   defining Unicode char U+00E9 (decimal 233)
   defining Unicode char U+00EA (decimal 234)
   defining Unicode char U+00EB (decimal 235)
   defining Unicode char U+00EC (decimal 236)
   defining Unicode char U+00ED (decimal 237)
   defining Unicode char U+00EE (decimal 238)
   defining Unicode char U+00EF (decimal 239)
   defining Unicode char U+00F0 (decimal 240)
   defining Unicode char U+00F1 (decimal 241)
   defining Unicode char U+00F2 (decimal 242)
   defining Unicode char U+00F3 (decimal 243)
   defining Unicode char U+00F4 (decimal 244)
   defining Unicode char U+00F5 (decimal 245)
   defining Unicode char U+00F6 (decimal 246)
   defining Unicode char U+00F8 (decimal 248)
   defining Unicode char U+00F9 (decimal 249)
   defining Unicode char U+00FA (decimal 250)
   defining Unicode char U+00FB (decimal 251)
   defining Unicode char U+00FC (decimal 252)
   defining Unicode char U+00FD (decimal 253)
   defining Unicode char U+00FE (decimal 254)
   defining Unicode char U+00FF (decimal 255)
   defining Unicode char U+0102 (decimal 258)
   defining Unicode char U+0103 (decimal 259)
   defining Unicode char U+0104 (decimal 260)
   defining Unicode char U+0105 (decimal 261)
   defining Unicode char U+0106 (decimal 262)
   defining Unicode char U+0107 (decimal 263)
   defining Unicode char U+010C (decimal 268)
   defining Unicode char U+010D (decimal 269)
   defining Unicode char U+010E (decimal 270)
   defining Unicode char U+010F (decimal 271)
   defining Unicode char U+0110 (decimal 272)
   defining Unicode char U+0111 (decimal 273)
   defining Unicode char U+0118 (decimal 280)
   defining Unicode char U+0119 (decimal 281)
   defining Unicode char U+011A (decimal 282)
   defining Unicode char U+011B (decimal 283)
   defining Unicode char U+011E (decimal 286)
   defining Unicode char U+011F (decimal 287)
   defining Unicode char U+0130 (decimal 304)
   defining Unicode char U+0131 (decimal 305)
   defining Unicode char U+0132 (decimal 306)
   defining Unicode char U+0133 (decimal 307)
   defining Unicode char U+0139 (decimal 313)
   defining Unicode char U+013A (decimal 314)
   defining Unicode char U+013D (decimal 317)
   defining Unicode char U+013E (decimal 318)
   defining Unicode char U+0141 (decimal 321)
   defining Unicode char U+0142 (decimal 322)
   defining Unicode char U+0143 (decimal 323)
   defining Unicode char U+0144 (decimal 324)
   defining Unicode char U+0147 (decimal 327)
   defining Unicode char U+0148 (decimal 328)
   defining Unicode char U+014A (decimal 330)
   defining Unicode char U+014B (decimal 331)
   defining Unicode char U+0150 (decimal 336)
   defining Unicode char U+0151 (decimal 337)
   defining Unicode char U+0152 (decimal 338)
   defining Unicode char U+0153 (decimal 339)
   defining Unicode char U+0154 (decimal 340)
   defining Unicode char U+0155 (decimal 341)
   defining Unicode char U+0158 (decimal 344)
   defining Unicode char U+0159 (decimal 345)
   defining Unicode char U+015A (decimal 346)
   defining Unicode char U+015B (decimal 347)
   defining Unicode char U+015E (decimal 350)
   defining Unicode char U+015F (decimal 351)
   defining Unicode char U+0160 (decimal 352)
   defining Unicode char U+0161 (decimal 353)
   defining Unicode char U+0162 (decimal 354)
   defining Unicode char U+0163 (decimal 355)
   defining Unicode char U+0164 (decimal 356)
   defining Unicode char U+0165 (decimal 357)
   defining Unicode char U+016E (decimal 366)
   defining Unicode char U+016F (decimal 367)
   defining Unicode char U+0170 (decimal 368)
   defining Unicode char U+0171 (decimal 369)
   defining Unicode char U+0178 (decimal 376)
   defining Unicode char U+0179 (decimal 377)
   defining Unicode char U+017A (decimal 378)
   defining Unicode char U+017B (decimal 379)
   defining Unicode char U+017C (decimal 380)
   defining Unicode char U+017D (decimal 381)
   defining Unicode char U+017E (decimal 382)
   defining Unicode char U+200C (decimal 8204)
   defining Unicode char U+2013 (decimal 8211)
   defining Unicode char U+2014 (decimal 8212)
   defining Unicode char U+2018 (decimal 8216)
   defining Unicode char U+2019 (decimal 8217)
   defining Unicode char U+201A (decimal 8218)
   defining Unicode char U+201C (decimal 8220)
   defining Unicode char U+201D (decimal 8221)
   defining Unicode char U+201E (decimal 8222)
   defining Unicode char U+2030 (decimal 8240)
   defining Unicode char U+2031 (decimal 8241)
   defining Unicode char U+2039 (decimal 8249)
   defining Unicode char U+203A (decimal 8250)
   defining Unicode char U+2423 (decimal 9251)
)
Now handling font encoding OT1 ...
... processing UTF-8 mapping file for font encoding OT1

("C:\Program Files (x86)\MiKTeX 2.9\tex\latex\base\ot1enc.dfu"
File: ot1enc.dfu 2008/04/05 v1.1m UTF-8 support for inputenc
   defining Unicode char U+00A1 (decimal 161)
   defining Unicode char U+00A3 (decimal 163)
   defining Unicode char U+00B8 (decimal 184)
   defining Unicode char U+00BF (decimal 191)
   defining Unicode char U+00C5 (decimal 197)
   defining Unicode char U+00C6 (decimal 198)
   defining Unicode char U+00D8 (decimal 216)
   defining Unicode char U+00DF (decimal 223)
   defining Unicode char U+00E6 (decimal 230)
   defining Unicode char U+00EC (decimal 236)
   defining Unicode char U+00ED (decimal 237)
   defining Unicode char U+00EE (decimal 238)
   defining Unicode char U+00EF (decimal 239)
   defining Unicode char U+00F8 (decimal 248)
   defining Unicode char U+0131 (decimal 305)
   defining Unicode char U+0141 (decimal 321)
   defining Unicode char U+0142 (decimal 322)
   defining Unicode char U+0152 (decimal 338)
   defining Unicode char U+0153 (decimal 339)
   defining Unicode char U+2013 (decimal 8211)
   defining Unicode char U+2014 (decimal 8212)
   defining Unicode char U+2018 (decimal 8216)
   defining Unicode char U+2019 (decimal 8217)
   defining Unicode char U+201C (decimal 8220)
   defining Unicode char U+201D (decimal 8221)
)
Now handling font encoding OMS ...
... processing UTF-8 mapping file for font encoding OMS

("C:\Program Files (x86)\MiKTeX 2.9\tex\latex\base\omsenc.dfu"
File: omsenc.dfu 2008/04/05 v1.1m UTF-8 support for inputenc
   defining Unicode char U+00A7 (decimal 167)
   defining Unicode char U+00B6 (decimal 182)
   defining Unicode char U+00B7 (decimal 183)
   defining Unicode char U+2020 (decimal 8224)
   defining Unicode char U+2021 (decimal 8225)
   defining Unicode char U+2022 (decimal 8226)
)
Now handling font encoding OMX ...
... no UTF-8 mapping file for font encoding OMX
Now handling font encoding U ...
... no UTF-8 mapping file for font encoding U
   defining Unicode char U+00A9 (decimal 169)
   defining Unicode char U+00AA (decimal 170)
   defining Unicode char U+00AE (decimal 174)
   defining Unicode char U+00BA (decimal 186)
   defining Unicode char U+02C6 (decimal 710)
   defining Unicode char U+02DC (decimal 732)
   defining Unicode char U+200C (decimal 8204)
   defining Unicode char U+2026 (decimal 8230)
   defining Unicode char U+2122 (decimal 8482)
   defining Unicode char U+2423 (decimal 9251)
))
("C:\Program Files (x86)\MiKTeX 2.9\tex\latex\comment\comment.sty"
\CommentStream=\write3

Excluding comment 'comment')
("C:\Program Files (x86)\MiKTeX 2.9\tex\latex\ltxmisc\parskip.sty"
Package: parskip 2001/04/09 non-zero parskip adjustments
)
("C:\Program Files (x86)\MiKTeX 2.9\tex\latex\graphics\graphicx.sty"
Package: graphicx 1999/02/16 v1.0f Enhanced LaTeX Graphics (DPC,SPQR)

("C:\Program Files (x86)\MiKTeX 2.9\tex\latex\graphics\graphics.sty"
Package: graphics 2009/02/05 v1.0o Standard LaTeX Graphics (DPC,SPQR)

("C:\Program Files (x86)\MiKTeX 2.9\tex\latex\graphics\trig.sty"
Package: trig 1999/03/16 v1.09 sin cos tan (DPC)
)
("C:\Program Files (x86)\MiKTeX 2.9\tex\latex\00miktex\graphics.cfg"
File: graphics.cfg 2007/01/18 v1.5 graphics configuration of teTeX/TeXLive
)
Package graphics Info: Driver file: pdftex.def on input line 91.

("C:\Program Files (x86)\MiKTeX 2.9\tex\latex\pdftex-def\pdftex.def"
File: pdftex.def 2011/05/27 v0.06d Graphics/color for pdfTeX

("C:\Program Files (x86)\MiKTeX 2.9\tex\generic\oberdiek\infwarerr.sty"
Package: infwarerr 2010/04/08 v1.3 Providing info/warning/error messages (HO)
)
("C:\Program Files (x86)\MiKTeX 2.9\tex\generic\oberdiek\ltxcmds.sty"
Package: ltxcmds 2011/11/09 v1.22 LaTeX kernel commands for general use (HO)
)
\Gread@gobject=\count94
))
\Gin@req@height=\dimen118
\Gin@req@width=\dimen119
)
("C:\Program Files (x86)\MiKTeX 2.9\tex\latex\oberdiek\epstopdf.sty"
Package: epstopdf 2010/02/09 v2.5 Conversion with epstopdf on the fly (HO)

("C:\Program Files (x86)\MiKTeX 2.9\tex\latex\oberdiek\epstopdf-base.sty"
Package: epstopdf-base 2010/02/09 v2.5 Base part for package epstopdf

("C:\Program Files (x86)\MiKTeX 2.9\tex\latex\oberdiek\grfext.sty"
Package: grfext 2010/08/19 v1.1 Manage graphics extensions (HO)

("C:\Program Files (x86)\MiKTeX 2.9\tex\generic\oberdiek\kvdefinekeys.sty"
Package: kvdefinekeys 2011/04/07 v1.3 Define keys (HO)
))
("C:\Program Files (x86)\MiKTeX 2.9\tex\latex\oberdiek\kvoptions.sty"
Package: kvoptions 2011/06/30 v3.11 Key value format for package options (HO)

("C:\Program Files (x86)\MiKTeX 2.9\tex\generic\oberdiek\kvsetkeys.sty"
Package: kvsetkeys 2012/04/25 v1.16 Key value parser (HO)

("C:\Program Files (x86)\MiKTeX 2.9\tex\generic\oberdiek\etexcmds.sty"
Package: etexcmds 2011/02/16 v1.5 Avoid name clashes with e-TeX commands (HO)

("C:\Program Files (x86)\MiKTeX 2.9\tex\generic\oberdiek\ifluatex.sty"
Package: ifluatex 2010/03/01 v1.3 Provides the ifluatex switch (HO)
Package ifluatex Info: LuaTeX not detected.
)
Package etexcmds Info: Could not find \expanded.
(etexcmds)             That can mean that you are not using pdfTeX 1.50 or
(etexcmds)             that some package has redefined \expanded.
(etexcmds)             In the latter case, load this package earlier.
)))
("C:\Program Files (x86)\MiKTeX 2.9\tex\generic\oberdiek\pdftexcmds.sty"
Package: pdftexcmds 2011/11/29 v0.20 Utility functions of pdfTeX for LuaTeX (HO
)
Package pdftexcmds Info: LuaTeX not detected.
Package pdftexcmds Info: \pdf@primitive is available.
Package pdftexcmds Info: \pdf@ifprimitive is available.
Package pdftexcmds Info: \pdfdraftmode found.
)
Package grfext Info: Graphics extension search list:
(grfext)             [.png,.pdf,.jpg,.mps,.jpeg,.jbig2,.jb2,.PNG,.PDF,.JPG,.JPE
G,.JBIG2,.JB2,.eps]
(grfext)             \AppendGraphicsExtensions on input line 452.
))
("C:\Program Files (x86)\MiKTeX 2.9\tex\latex\amsmath\amsmath.sty"
Package: amsmath 2013/01/14 v2.14 AMS math features
\@mathmargin=\skip43

For additional information on amsmath, use the `?' option.
("C:\Program Files (x86)\MiKTeX 2.9\tex\latex\amsmath\amstext.sty"
Package: amstext 2000/06/29 v2.01

("C:\Program Files (x86)\MiKTeX 2.9\tex\latex\amsmath\amsgen.sty"
File: amsgen.sty 1999/11/30 v2.0
\@emptytoks=\toks20
\ex@=\dimen120
))
("C:\Program Files (x86)\MiKTeX 2.9\tex\latex\amsmath\amsbsy.sty"
Package: amsbsy 1999/11/29 v1.2d
\pmbraise@=\dimen121
)
("C:\Program Files (x86)\MiKTeX 2.9\tex\latex\amsmath\amsopn.sty"
Package: amsopn 1999/12/14 v2.01 operator names
)
\inf@bad=\count95
LaTeX Info: Redefining \frac on input line 210.
\uproot@=\count96
\leftroot@=\count97
LaTeX Info: Redefining \overline on input line 306.
\classnum@=\count98
\DOTSCASE@=\count99
LaTeX Info: Redefining \ldots on input line 378.
LaTeX Info: Redefining \dots on input line 381.
LaTeX Info: Redefining \cdots on input line 466.
\Mathstrutbox@=\box28
\strutbox@=\box29
\big@size=\dimen122
LaTeX Font Info:    Redeclaring font encoding OML on input line 566.
LaTeX Font Info:    Redeclaring font encoding OMS on input line 567.
\macc@depth=\count100
\c@MaxMatrixCols=\count101
\dotsspace@=\muskip10
\c@parentequation=\count102
\dspbrk@lvl=\count103
\tag@help=\toks21
\row@=\count104
\column@=\count105
\maxfields@=\count106
\andhelp@=\toks22
\eqnshift@=\dimen123
\alignsep@=\dimen124
\tagshift@=\dimen125
\tagwidth@=\dimen126
\totwidth@=\dimen127
\lineht@=\dimen128
\@envbody=\toks23
\multlinegap=\skip44
\multlinetaggap=\skip45
\mathdisplay@stack=\toks24
LaTeX Info: Redefining \[ on input line 2665.
LaTeX Info: Redefining \] on input line 2666.
)
("C:\Program Files (x86)\MiKTeX 2.9\tex\latex\amsfonts\amsfonts.sty"
Package: amsfonts 2013/01/14 v3.01 Basic AMSFonts support
\symAMSa=\mathgroup4
\symAMSb=\mathgroup5
LaTeX Font Info:    Overwriting math alphabet `\mathfrak' in version `bold'
(Font)                  U/euf/m/n --> U/euf/b/n on input line 106.
)
("C:\Program Files (x86)\MiKTeX 2.9\tex\latex\amsfonts\amssymb.sty"
Package: amssymb 2013/01/14 v3.01 AMS font symbols
)
("C:\Program Files (x86)\MiKTeX 2.9\tex\latex\easylist\easylist.sty"
Package: easylist 2010/02/28 v.1.3 Numbered items with a single command.
\el@CounterTotal=\count107
\el@Scratch=\count108
\el@ControlCounter=\count109
\el@CounterLevel=\count110
\c@List1=\count111
\c@List2=\count112
\c@List3=\count113
\c@List4=\count114
\c@List5=\count115
\c@List6=\count116
\c@List7=\count117
\c@List8=\count118
\c@List9=\count119
\c@List10=\count120
\el@ProgressiveDimension=\dimen129
\el@CounterBox=\box30
\el@ControlBox=\box31
\el@TotalMargin=\dimen130
\el@LeftMove=\dimen131
)
("C:\Program Files (x86)\MiKTeX 2.9\tex\latex\hyperref\hyperref.sty"
Package: hyperref 2012/11/06 v6.83m Hypertext links for LaTeX

("C:\Program Files (x86)\MiKTeX 2.9\tex\generic\oberdiek\hobsub-hyperref.sty"
Package: hobsub-hyperref 2012/04/25 v1.12 Bundle oberdiek, subset hyperref (HO)


("C:\Program Files (x86)\MiKTeX 2.9\tex\generic\oberdiek\hobsub-generic.sty"
Package: hobsub-generic 2012/04/25 v1.12 Bundle oberdiek, subset generic (HO)
Package: hobsub 2012/04/25 v1.12 Construct package bundles (HO)
Package hobsub Info: Skipping package `infwarerr' (already loaded).
Package hobsub Info: Skipping package `ltxcmds' (already loaded).
Package hobsub Info: Skipping package `ifluatex' (already loaded).
Package hobsub Info: Skipping package `ifvtex' (already loaded).
Package: intcalc 2007/09/27 v1.1 Expandable calculations with integers (HO)
Package hobsub Info: Skipping package `ifpdf' (already loaded).
Package hobsub Info: Skipping package `etexcmds' (already loaded).
Package hobsub Info: Skipping package `kvsetkeys' (already loaded).
Package hobsub Info: Skipping package `kvdefinekeys' (already loaded).
Package hobsub Info: Skipping package `pdftexcmds' (already loaded).
Package: pdfescape 2011/11/25 v1.13 Implements pdfTeX's escape features (HO)
Package: bigintcalc 2012/04/08 v1.3 Expandable calculations on big integers (HO
)
Package: bitset 2011/01/30 v1.1 Handle bit-vector datatype (HO)
Package: uniquecounter 2011/01/30 v1.2 Provide unlimited unique counter (HO)
)
Package hobsub Info: Skipping package `hobsub' (already loaded).
Package: letltxmacro 2010/09/02 v1.4 Let assignment for LaTeX macros (HO)
Package: hopatch 2011/06/24 v1.1 Wrapper for package hooks (HO)
Package: xcolor-patch 2011/01/30 xcolor patch
Package: atveryend 2011/06/30 v1.8 Hooks at the very end of document (HO)
Package atveryend Info: \enddocument detected (standard20110627).
Package: atbegshi 2011/10/05 v1.16 At begin shipout hook (HO)
Package: refcount 2011/10/16 v3.4 Data extraction from label references (HO)
Package: hycolor 2011/01/30 v1.7 Color options for hyperref/bookmark (HO)
)
("C:\Program Files (x86)\MiKTeX 2.9\tex\latex\oberdiek\auxhook.sty"
Package: auxhook 2011/03/04 v1.3 Hooks for auxiliary files (HO)
)
\@linkdim=\dimen132
\Hy@linkcounter=\count121
\Hy@pagecounter=\count122

("C:\Program Files (x86)\MiKTeX 2.9\tex\latex\hyperref\pd1enc.def"
File: pd1enc.def 2012/11/06 v6.83m Hyperref: PDFDocEncoding definition (HO)
Now handling font encoding PD1 ...
... no UTF-8 mapping file for font encoding PD1
)
\Hy@SavedSpaceFactor=\count123

("C:\Program Files (x86)\MiKTeX 2.9\tex\latex\00miktex\hyperref.cfg"
File: hyperref.cfg 2002/06/06 v1.2 hyperref configuration of TeXLive
)
Package hyperref Info: Hyper figures OFF on input line 4443.
Package hyperref Info: Link nesting OFF on input line 4448.
Package hyperref Info: Hyper index ON on input line 4451.
Package hyperref Info: Plain pages OFF on input line 4458.
Package hyperref Info: Backreferencing OFF on input line 4463.
Package hyperref Info: Implicit mode ON; LaTeX internals redefined.
Package hyperref Info: Bookmarks ON on input line 4688.
\c@Hy@tempcnt=\count124

("C:\Program Files (x86)\MiKTeX 2.9\tex\latex\ltxmisc\url.sty"
\Urlmuskip=\muskip11
Package: url 2006/04/12  ver 3.3  Verb mode for urls, etc.
)
LaTeX Info: Redefining \url on input line 5041.
\XeTeXLinkMargin=\dimen133
\Fld@menulength=\count125
\Field@Width=\dimen134
\Fld@charsize=\dimen135
Package hyperref Info: Hyper figures OFF on input line 6295.
Package hyperref Info: Link nesting OFF on input line 6300.
Package hyperref Info: Hyper index ON on input line 6303.
Package hyperref Info: backreferencing OFF on input line 6310.
Package hyperref Info: Link coloring OFF on input line 6315.
Package hyperref Info: Link coloring with OCG OFF on input line 6320.
Package hyperref Info: PDF/A mode OFF on input line 6325.
LaTeX Info: Redefining \ref on input line 6365.
LaTeX Info: Redefining \pageref on input line 6369.
\Hy@abspage=\count126
\c@Item=\count127
\c@Hfootnote=\count128
)

Package hyperref Message: Driver (autodetected): hpdftex.

("C:\Program Files (x86)\MiKTeX 2.9\tex\latex\hyperref\hpdftex.def"
File: hpdftex.def 2012/11/06 v6.83m Hyperref driver for pdfTeX
\Fld@listcount=\count129
\c@bookmark@seq@number=\count130

("C:\Program Files (x86)\MiKTeX 2.9\tex\latex\oberdiek\rerunfilecheck.sty"
Package: rerunfilecheck 2011/04/15 v1.7 Rerun checks for auxiliary files (HO)
Package uniquecounter Info: New unique counter `rerunfilecheck' on input line 2
82.
)
\Hy@SectionHShift=\skip46
)
("C:\Program Files (x86)\MiKTeX 2.9\tex\latex\oberdiek\hypcap.sty"
Package: hypcap 2011/02/16 v1.11 Adjusting the anchors of captions (HO)
)
Package hyperref Info: Option `setpagesize' set `false' on input line 45.
Package hyperref Info: Option `colorlinks' set `true' on input line 45.

("C:\Program Files (x86)\MiKTeX 2.9\tex\latex\pdfpages\pdfpages.sty"
Package: pdfpages 2012/08/31 v0.4t Insert pages of external PDF documents (AM)

("C:\Program Files (x86)\MiKTeX 2.9\tex\latex\base\ifthen.sty"
Package: ifthen 2001/05/26 v1.1c Standard LaTeX ifthen package (DPC)
)
("C:\Program Files (x86)\MiKTeX 2.9\tex\latex\tools\calc.sty"
Package: calc 2007/08/22 v4.3 Infix arithmetic (KKT,FJ)
\calc@Acount=\count131
\calc@Bcount=\count132
\calc@Adimen=\dimen136
\calc@Bdimen=\dimen137
\calc@Askip=\skip47
\calc@Bskip=\skip48
LaTeX Info: Redefining \setlength on input line 76.
LaTeX Info: Redefining \addtolength on input line 77.
\calc@Ccount=\count133
\calc@Cskip=\skip49
)
("C:\Program Files (x86)\MiKTeX 2.9\tex\latex\eso-pic\eso-pic.sty"
Package: eso-pic 2010/10/06 v2.0c eso-pic (RN)

("C:\Program Files (x86)\MiKTeX 2.9\tex\latex\xcolor\xcolor.sty"
Package: xcolor 2007/01/21 v2.11 LaTeX color extensions (UK)

("C:\Program Files (x86)\MiKTeX 2.9\tex\latex\00miktex\color.cfg"
File: color.cfg 2007/01/18 v1.5 color configuration of teTeX/TeXLive
)
Package xcolor Info: Driver file: pdftex.def on input line 225.
Package xcolor Info: Model `cmy' substituted by `cmy0' on input line 1337.
Package xcolor Info: Model `hsb' substituted by `rgb' on input line 1341.
Package xcolor Info: Model `RGB' extended on input line 1353.
Package xcolor Info: Model `HTML' substituted by `rgb' on input line 1355.
Package xcolor Info: Model `Hsb' substituted by `hsb' on input line 1356.
Package xcolor Info: Model `tHsb' substituted by `hsb' on input line 1357.
Package xcolor Info: Model `HSB' substituted by `hsb' on input line 1358.
Package xcolor Info: Model `Gray' substituted by `gray' on input line 1359.
Package xcolor Info: Model `wave' substituted by `hsb' on input line 1360.
))
("C:\Program Files (x86)\MiKTeX 2.9\tex\latex\pdfpages\pppdftex.def"
File: pppdftex.def 2012/08/31 v0.4t Pdfpages driver for pdfTeX (AM)
)
\AM@pagebox=\box32
\AM@toc@title=\toks25
\c@AM@survey=\count134
\AM@templatesizebox=\box33
)
("C:\Program Files (x86)\MiKTeX 2.9\tex\latex\listings\listings.sty"
\lst@mode=\count135
\lst@gtempboxa=\box34
\lst@token=\toks26
\lst@length=\count136
\lst@currlwidth=\dimen138
\lst@column=\count137
\lst@pos=\count138
\lst@lostspace=\dimen139
\lst@width=\dimen140
\lst@newlines=\count139
\lst@lineno=\count140
\lst@maxwidth=\dimen141

("C:\Program Files (x86)\MiKTeX 2.9\tex\latex\listings\lstmisc.sty"
File: lstmisc.sty 2007/02/22 1.4 (Carsten Heinz)
\c@lstnumber=\count141
\lst@skipnumbers=\count142
\lst@framebox=\box35
)
("C:\Program Files (x86)\MiKTeX 2.9\tex\latex\listings\listings.cfg"
File: listings.cfg 2007/02/22 1.4 listings configuration
))
Package: listings 2007/02/22 1.4 (Carsten Heinz)

("C:\Program Files (x86)\MiKTeX 2.9\tex\latex\fancyhdr\fancyhdr.sty"
\fancy@headwidth=\skip50
\f@ncyO@elh=\skip51
\f@ncyO@erh=\skip52
\f@ncyO@olh=\skip53
\f@ncyO@orh=\skip54
\f@ncyO@elf=\skip55
\f@ncyO@erf=\skip56
\f@ncyO@olf=\skip57
\f@ncyO@orf=\skip58
)
("C:\Users\TiXiR\Documents\GitHub\ExtrapolateAndConquer\Doc\Technical Report.au
x"

LaTeX Warning: Label `citekey' multiply defined.

)
LaTeX Font Info:    Checking defaults for OML/cmm/m/it on input line 80.
LaTeX Font Info:    ... okay on input line 80.
LaTeX Font Info:    Checking defaults for T1/cmr/m/n on input line 80.
LaTeX Font Info:    ... okay on input line 80.
LaTeX Font Info:    Checking defaults for OT1/cmr/m/n on input line 80.
LaTeX Font Info:    ... okay on input line 80.
LaTeX Font Info:    Checking defaults for OMS/cmsy/m/n on input line 80.
LaTeX Font Info:    ... okay on input line 80.
LaTeX Font Info:    Checking defaults for OMX/cmex/m/n on input line 80.
LaTeX Font Info:    ... okay on input line 80.
LaTeX Font Info:    Checking defaults for U/cmr/m/n on input line 80.
LaTeX Font Info:    ... okay on input line 80.
LaTeX Font Info:    Checking defaults for PD1/pdf/m/n on input line 80.
LaTeX Font Info:    ... okay on input line 80.

*geometry* driver: auto-detecting
*geometry* detected driver: pdftex
*geometry* verbose mode - [ preamble ] result:
* driver: pdftex
* paper: a4paper
* layout: <same size as paper>
* layoutoffset:(h,v)=(0.0pt,0.0pt)
* modes: twoside 
* h-part:(L,W,R)=(55.48286pt, 486.54214pt, 55.48286pt)
* v-part:(T,H,B)=(60.60437pt, 727.53697pt, 56.9055pt)
* \paperwidth=597.50787pt
* \paperheight=845.04684pt
* \textwidth=486.54214pt
* \textheight=727.53697pt
* \oddsidemargin=-16.78712pt
* \evensidemargin=-16.78712pt
* \topmargin=-48.66562pt
* \headheight=15.0pt
* \headsep=25.0pt
* \topskip=10.0pt
* \footskip=30.0pt
* \marginparwidth=111.0pt
* \marginparsep=11.0pt
* \columnsep=10.0pt
* \skip\footins=9.0pt plus 4.0pt minus 2.0pt
* \hoffset=0.0pt
* \voffset=0.0pt
* \mag=1000
* \@twocolumnfalse
* \@twosidetrue
* \@mparswitchtrue
* \@reversemarginfalse
* (1in=72.27pt=25.4mm, 1cm=28.453pt)

Package caption Info: Begin \AtBeginDocument code.
Package caption Info: float package is loaded.
Package caption Info: hyperref package is loaded.
Package caption Info: hypcap package is loaded.
Package caption Info: listings package is loaded.
Package caption Info: End \AtBeginDocument code.
("C:\Program Files (x86)\MiKTeX 2.9\tex\context\base\supp-pdf.mkii"
[Loading MPS to PDF converter (version 2006.09.02).]
\scratchcounter=\count143
\scratchdimen=\dimen142
\scratchbox=\box36
\nofMPsegments=\count144
\nofMParguments=\count145
\everyMPshowfont=\toks27
\MPscratchCnt=\count146
\MPscratchDim=\dimen143
\MPnumerator=\count147
\makeMPintoPDFobject=\count148
\everyMPtoPDFconversion=\toks28
)
\AtBeginShipoutBox=\box37
Package hyperref Info: Link coloring ON on input line 80.
 ("C:\Program Files (x86)\MiKTeX 2.9\tex\latex\hyperref\nameref.sty"
Package: nameref 2012/10/27 v2.43 Cross-referencing by name of section

("C:\Program Files (x86)\MiKTeX 2.9\tex\generic\oberdiek\gettitlestring.sty"
Package: gettitlestring 2010/12/03 v1.4 Cleanup title references (HO)
)
\c@section@level=\count149
)
LaTeX Info: Redefining \ref on input line 80.
LaTeX Info: Redefining \pageref on input line 80.
LaTeX Info: Redefining \nameref on input line 80.

("C:\Users\TiXiR\Documents\GitHub\ExtrapolateAndConquer\Doc\Technical Report.ou
t")
("C:\Users\TiXiR\Documents\GitHub\ExtrapolateAndConquer\Doc\Technical Report.ou
t")
\@outlinefile=\write4
\c@lstlisting=\count150
 <Cover/cover.pdf, id=81, page=1, 597.50829pt x 845.0471pt>
File: Cover/cover.pdf Graphic file (type pdf)

<use Cover/cover.pdf, page 1>
Package pdftex.def Info: Cover/cover.pdf, page1 used on input line 83.
(pdftex.def)             Requested size: 597.50682pt x 845.04504pt.
File: Cover/cover.pdf Graphic file (type pdf)
 <use Cover/cover.pdf, page 1>
Package pdftex.def Info: Cover/cover.pdf, page1 used on input line 83.
(pdftex.def)             Requested size: 597.53416pt x 845.08372pt.
File: Cover/cover.pdf Graphic file (type pdf)

<use Cover/cover.pdf, page 1>
Package pdftex.def Info: Cover/cover.pdf, page1 used on input line 83.
(pdftex.def)             Requested size: 597.53416pt x 845.08372pt.
File: Cover/cover.pdf Graphic file (type pdf)
 <use Cover/cover.pdf, page 1>
Package pdftex.def Info: Cover/cover.pdf, page1 used on input line 83.
(pdftex.def)             Requested size: 597.53416pt x 845.08372pt.
File: Cover/cover.pdf Graphic file (type pdf)

<use Cover/cover.pdf, page 1>
Package pdftex.def Info: Cover/cover.pdf, page1 used on input line 83.
(pdftex.def)             Requested size: 597.53416pt x 845.08372pt.
 [1

 <C:/Users/TiXiR/Documents/GitHub/ExtrapolateAndConquer/Doc/Cover/cover.pdf{C:/
ProgramData/MiKTeX/2.9/pdftex/config/pdftex.map}>]
(C:\Users\TiXiR\Documents\GitHub\ExtrapolateAndConquer\Doc\text_files/identity.
tex
LaTeX Font Info:    Try loading font information for U+msa on input line 14.
 ("C:\Program Files (x86)\MiKTeX 2.9\tex\latex\amsfonts\umsa.fd"
File: umsa.fd 2013/01/14 v3.01 AMS symbols A
)
LaTeX Font Info:    Try loading font information for U+msb on input line 14.

("C:\Program Files (x86)\MiKTeX 2.9\tex\latex\amsfonts\umsb.fd"
File: umsb.fd 2013/01/14 v3.01 AMS symbols B
)) [2]
("C:\Users\TiXiR\Documents\GitHub\ExtrapolateAndConquer\Doc\Technical Report.to
c")
\tf@toc=\write5

("C:\Users\TiXiR\Documents\GitHub\ExtrapolateAndConquer\Doc\Technical Report.lo
f")
\tf@lof=\write6

("C:\Users\TiXiR\Documents\GitHub\ExtrapolateAndConquer\Doc\Technical Report.lo
t")
\tf@lot=\write7
 [3]
(C:\Users\TiXiR\Documents\GitHub\ExtrapolateAndConquer\Doc\text_files/introduct
ion.tex)pdfTeX warning (ext4): destination with the same identifier (name{page.
1}) has been already used, duplicate ignored
<to be read again> 
                   \relax 
l.119 \newpage
               [1]
(C:\Users\TiXiR\Documents\GitHub\ExtrapolateAndConquer\Doc\text_files/core.tex
Package epstopdf Info: Source file: <images/EntityComponentSystemExample.eps>
(epstopdf)                    date: 2014-01-07 22:09:02
(epstopdf)                    size: 300870 bytes
(epstopdf)             Output file: <images/EntityComponentSystemExample-eps-co
nverted-to.pdf>
(epstopdf)                    date: 2014-01-07 22:09:02
(epstopdf)                    size: 63002 bytes
(epstopdf)             Command: <epstopdf --outfile=images/EntityComponentSyste
mExample-eps-converted-to.pdf images/EntityComponentSystemExample.eps>
(epstopdf)             \includegraphics on input line 9.
Package epstopdf Info: Output file is already uptodate.

<images/EntityComponentSystemExample-eps-converted-to.pdf, id=159, 667.49374pt 
x 270.00874pt>
File: images/EntityComponentSystemExample-eps-converted-to.pdf Graphic file (ty
pe pdf)
 <use images/EntityComponentSystemExample-eps-converted-to.pdf>
Package pdftex.def Info: images/EntityComponentSystemExample-eps-converted-to.p
df used on input line 9.
(pdftex.def)             Requested size: 437.88495pt x 177.13512pt.
)
[2 <C:/Users/TiXiR/Documents/GitHub/ExtrapolateAndConquer/Doc/images/EntityComp
onentSystemExample-eps-converted-to.pdf>]
(C:\Users\TiXiR\Documents\GitHub\ExtrapolateAndConquer\Doc\text_files/graphics.
tex
(C:\Users\TiXiR\Documents\GitHub\ExtrapolateAndConquer\Doc\text_files/world_gen
eration.tex
Underfull \hbox (badness 10000) in paragraph at lines 2--5

 []


Underfull \hbox (badness 10000) in paragraph at lines 10--17

 []


Underfull \hbox (badness 10000) in paragraph at lines 10--17

 []

[3] <images/Simplex.png, id=176, 376.40625pt x 376.40625pt>
File: images/Simplex.png Graphic file (type png)

<use images/Simplex.png>
Package pdftex.def Info: images/Simplex.png used on input line 27.
(pdftex.def)             Requested size: 218.94247pt x 218.94756pt.

<images/FracBrownMotion.png, id=178, 376.40625pt x 376.40625pt>
File: images/FracBrownMotion.png Graphic file (type png)

<use images/FracBrownMotion.png>
Package pdftex.def Info: images/FracBrownMotion.png used on input line 33.
(pdftex.def)             Requested size: 218.94247pt x 218.94756pt.

Underfull \hbox (badness 10000) in paragraph at lines 42--48

 []


Underfull \hbox (badness 10000) in paragraph at lines 42--48

 []

)
(C:\Users\TiXiR\Documents\GitHub\ExtrapolateAndConquer\Doc\text_files/visual_ef
fects.tex [4 <C:/Users/TiXiR/Documents/GitHub/ExtrapolateAndConquer/Doc/images/
Simplex.png> <C:/Users/TiXiR/Documents/GitHub/ExtrapolateAndConquer/Doc/images/
FracBrownMotion.png>]
LaTeX Font Info:    Try loading font information for OMS+cmr on input line 11.

("C:\Program Files (x86)\MiKTeX 2.9\tex\latex\base\omscmr.fd"
File: omscmr.fd 1999/05/25 v2.5h Standard LaTeX font definitions
)
LaTeX Font Info:    Font shape `OMS/cmr/m/n' in size <10> not available
(Font)              Font shape `OMS/cmsy/m/n' tried instead on input line 11.

<images/SMAcne.png, id=196, 770.88pt x 481.8pt>
File: images/SMAcne.png Graphic file (type png)
 <use images/SMAcne.png>
Package pdftex.def Info: images/SMAcne.png used on input line 27.
(pdftex.def)             Requested size: 218.94247pt x 136.83656pt.

<images/SMAcneFix.png, id=197, 770.88pt x 481.8pt>
File: images/SMAcneFix.png Graphic file (type png)
 <use images/SMAcneFix.png>
Package pdftex.def Info: images/SMAcneFix.png used on input line 33.
(pdftex.def)             Requested size: 218.94247pt x 136.83656pt.

<images/PCFLvl1.png, id=203, 770.88pt x 481.8pt>
File: images/PCFLvl1.png Graphic file (type png)
 <use images/PCFLvl1.png>
Package pdftex.def Info: images/PCFLvl1.png used on input line 48.
(pdftex.def)             Requested size: 218.94247pt x 136.83656pt.

<images/PCFLvl5.png, id=204, 770.88pt x 481.8pt>
File: images/PCFLvl5.png Graphic file (type png)
 <use images/PCFLvl5.png>
Package pdftex.def Info: images/PCFLvl5.png used on input line 54.
(pdftex.def)             Requested size: 218.94247pt x 136.83656pt.

Underfull \vbox (badness 5802) has occurred while \output is active []

 [5 <D:/Dev/Git/ExtrapolateAndConquer/Doc/images/SMAcne.png> <D:/Dev/Git/Extrap
olateAndConquer/Doc/images/SMAcneFix.png>]
<images/SMOverViewLvl1.png, id=217, 770.88pt x 481.8pt>
File: images/SMOverViewLvl1.png Graphic file (type png)

<use images/SMOverViewLvl1.png>
Package pdftex.def Info: images/SMOverViewLvl1.png used on input line 76.
(pdftex.def)             Requested size: 144.50282pt x 90.30786pt.

<images/SMOverViewLvl2.png, id=218, 770.88pt x 481.8pt>
File: images/SMOverViewLvl2.png Graphic file (type png)

<use images/SMOverViewLvl2.png>
Package pdftex.def Info: images/SMOverViewLvl2.png used on input line 82.
(pdftex.def)             Requested size: 144.50282pt x 90.30786pt.

<images/SMOverViewLvl3.png, id=219, 770.88pt x 481.8pt>
File: images/SMOverViewLvl3.png Graphic file (type png)

<use images/SMOverViewLvl3.png>
Package pdftex.def Info: images/SMOverViewLvl3.png used on input line 88.
(pdftex.def)             Requested size: 144.50282pt x 90.30786pt.

<images/SMCloseUpLvl1.png, id=220, 770.88pt x 481.8pt>
File: images/SMCloseUpLvl1.png Graphic file (type png)

<use images/SMCloseUpLvl1.png>
Package pdftex.def Info: images/SMCloseUpLvl1.png used on input line 99.
(pdftex.def)             Requested size: 144.50282pt x 90.30786pt.

<images/SMCloseUpLvl2.png, id=221, 770.88pt x 481.8pt>
File: images/SMCloseUpLvl2.png Graphic file (type png)

<use images/SMCloseUpLvl2.png>
Package pdftex.def Info: images/SMCloseUpLvl2.png used on input line 105.
(pdftex.def)             Requested size: 144.50282pt x 90.30786pt.

<images/SMCloseUpLvl3.png, id=222, 770.88pt x 481.8pt>
File: images/SMCloseUpLvl3.png Graphic file (type png)

<use images/SMCloseUpLvl3.png>
Package pdftex.def Info: images/SMCloseUpLvl3.png used on input line 111.
(pdftex.def)             Requested size: 144.50282pt x 90.30786pt.

Underfull \vbox (badness 1371) has occurred while \output is active []

<<<<<<< HEAD
<images/SMAcne.png, id=200, 770.88pt x 481.8pt>
File: images/SMAcne.png Graphic file (type png)
 <use images/SMAcne.png>
Package pdftex.def Info: images/SMAcne.png used on input line 88.
(pdftex.def)             Requested size: 218.94247pt x 136.83656pt.

<images/SMAcneFix.png, id=201, 770.88pt x 481.8pt>
File: images/SMAcneFix.png Graphic file (type png)
 <use images/SMAcneFix.png>
Package pdftex.def Info: images/SMAcneFix.png used on input line 94.
(pdftex.def)             Requested size: 218.94247pt x 136.83656pt.

[5 <C:/Users/TiXiR/Documents/GitHub/ExtrapolateAndConquer/Doc/images/SMOverView
Lvl1.png> <C:/Users/TiXiR/Documents/GitHub/ExtrapolateAndConquer/Doc/images/SMO
verViewLvl2.png> <C:/Users/TiXiR/Documents/GitHub/ExtrapolateAndConquer/Doc/ima
ges/SMOverViewLvl3.png> <C:/Users/TiXiR/Documents/GitHub/ExtrapolateAndConquer/
Doc/images/SMCloseUpLvl1.png> <C:/Users/TiXiR/Documents/GitHub/ExtrapolateAndCo
nquer/Doc/images/SMCloseUpLvl2.png> <C:/Users/TiXiR/Documents/GitHub/Extrapolat
eAndConquer/Doc/images/SMCloseUpLvl3.png> <C:/Users/TiXiR/Documents/GitHub/Extr
apolateAndConquer/Doc/images/PCFLvl1.png> <C:/Users/TiXiR/Documents/GitHub/Extr
apolateAndConquer/Doc/images/PCFLvl5.png>]
<images/horizonNoFog.png, id=210, 770.88pt x 481.8pt>
=======
 [6 <D:/Dev/Git/ExtrapolateAndConquer/Doc/images/PCFLvl1.png> <D:/Dev/Git/Extra
polateAndConquer/Doc/images/PCFLvl5.png> <D:/Dev/Git/ExtrapolateAndConquer/Doc/
images/SMOverViewLvl1.png> <D:/Dev/Git/ExtrapolateAndConquer/Doc/images/SMOverV
iewLvl2.png> <D:/Dev/Git/ExtrapolateAndConquer/Doc/images/SMOverViewLvl3.png> <
D:/Dev/Git/ExtrapolateAndConquer/Doc/images/SMCloseUpLvl1.png> <D:/Dev/Git/Extr
apolateAndConquer/Doc/images/SMCloseUpLvl2.png> <D:/Dev/Git/ExtrapolateAndConqu
er/Doc/images/SMCloseUpLvl3.png>] <images/horizonNoFog.png, id=230, 770.88pt x 
481.8pt>
>>>>>>> More report
File: images/horizonNoFog.png Graphic file (type png)

<use images/horizonNoFog.png>
Package pdftex.def Info: images/horizonNoFog.png used on input line 128.
(pdftex.def)             Requested size: 218.94247pt x 136.83656pt.

<images/horizonFog.png, id=231, 771.48225pt x 482.40225pt>
File: images/horizonFog.png Graphic file (type png)

<use images/horizonFog.png>
Package pdftex.def Info: images/horizonFog.png used on input line 134.
(pdftex.def)             Requested size: 218.94247pt x 136.90456pt.

<images/skybox0.png, id=232, 4111.36pt x 3083.52pt>
File: images/skybox0.png Graphic file (type png)
 <use images/skybox0.png>
Package pdftex.def Info: images/skybox0.png used on input line 145.
(pdftex.def)             Requested size: 218.94247pt x 164.20682pt.

<images/skybox1.png, id=233, 4111.36pt x 3083.52pt>
File: images/skybox1.png Graphic file (type png)
 <use images/skybox1.png>
Package pdftex.def Info: images/skybox1.png used on input line 151.
(pdftex.def)             Requested size: 218.94247pt x 164.20682pt.
<<<<<<< HEAD

[6 <C:/Users/TiXiR/Documents/GitHub/ExtrapolateAndConquer/Doc/images/SMAcne.png
> <C:/Users/TiXiR/Documents/GitHub/ExtrapolateAndConquer/Doc/images/SMAcneFix.p
ng> <C:/Users/TiXiR/Documents/GitHub/ExtrapolateAndConquer/Doc/images/horizonNo
Fog.png> <C:/Users/TiXiR/Documents/GitHub/ExtrapolateAndConquer/Doc/images/hori
zonFog.png> <C:/Users/TiXiR/Documents/GitHub/ExtrapolateAndConquer/Doc/images/s
kybox0.png> <C:/Users/TiXiR/Documents/GitHub/ExtrapolateAndConquer/Doc/images/s
kybox1.png>])) [7]
(C:\Users\TiXiR\Documents\GitHub\ExtrapolateAndConquer\Doc\text_files/ai.tex)
[8]
(C:\Users\TiXiR\Documents\GitHub\ExtrapolateAndConquer\Doc\text_files/conclusio
ns.tex)
(C:\Users\TiXiR\Documents\GitHub\ExtrapolateAndConquer\Doc\text_files/bibliogra
phy.tex
Underfull \hbox (badness 10000) in paragraph at lines 25--28

 []


Underfull \hbox (badness 10000) in paragraph at lines 60--63
=======
))
[7 <D:/Dev/Git/ExtrapolateAndConquer/Doc/images/horizonNoFog.png> <D:/Dev/Git/E
xtrapolateAndConquer/Doc/images/horizonFog.png> <D:/Dev/Git/ExtrapolateAndConqu
er/Doc/images/skybox0.png> <D:/Dev/Git/ExtrapolateAndConquer/Doc/images/skybox1
.png>] (D:\Dev\Git\ExtrapolateAndConquer\Doc\text_files/ai.tex) [8]
(D:\Dev\Git\ExtrapolateAndConquer\Doc\text_files/conclusions.tex)
(D:\Dev\Git\ExtrapolateAndConquer\Doc\text_files/bibliography.tex
Underfull \hbox (badness 10000) in paragraph at lines 73--76
>>>>>>> More report

 []

)
Package atveryend Info: Empty hook `BeforeClearDocument' on input line 153.
 [9pdfTeX warning (ext4): destination with the same identifier (name{cite.citek
ey}) has been already used, duplicate ignored

\AtBegShi@Output ...ipout \box \AtBeginShipoutBox 
                                                  \fi \fi 
l.153 \end{document}
                    ]
Package atveryend Info: Empty hook `AfterLastShipout' on input line 153.

("C:\Users\TiXiR\Documents\GitHub\ExtrapolateAndConquer\Doc\Technical Report.au
x")
Package atveryend Info: Executing hook `AtVeryEndDocument' on input line 153.
Package atveryend Info: Executing hook `AtEndAfterFileList' on input line 153.
Package rerunfilecheck Info: File `Technical*Report.out' has not changed.
(rerunfilecheck)             Checksum: <no file>.


LaTeX Warning: There were multiply-defined labels.

Package atveryend Info: Empty hook `AtVeryVeryEnd' on input line 153.
 ) 
Here is how much of TeX's memory you used:
<<<<<<< HEAD
 10986 strings out of 493921
 162665 string characters out of 3144876
 258782 words of memory out of 3000000
 14004 multiletter control sequences out of 15000+200000
 11885 words of font info for 45 fonts, out of 3000000 for 9000
 841 hyphenation exceptions out of 8191
 42i,18n,45p,740b,479s stack positions out of 5000i,500n,10000p,200000b,50000s
<C:/Program Files (x86)/MiKTeX 2.9/fonts/type1/public/amsfonts/cm/cmbx10.pfb>
<C:/Program Files (x86)/MiKTeX 2.9/fonts/type1/public/amsfonts/cm/cmbx12.pfb><C
:/Program Files (x86)/MiKTeX 2.9/fonts/type1/public/amsfonts/cm/cmbx8.pfb><C:/P
rogram Files (x86)/MiKTeX 2.9/fonts/type1/public/amsfonts/cm/cmr10.pfb><C:/Prog
ram Files (x86)/MiKTeX 2.9/fonts/type1/public/amsfonts/cm/cmr12.pfb><C:/Program
 Files (x86)/MiKTeX 2.9/fonts/type1/public/amsfonts/cm/cmr8.pfb><C:/Program Fil
es (x86)/MiKTeX 2.9/fonts/type1/public/amsfonts/cm/cmr9.pfb><C:/Program Files (
x86)/MiKTeX 2.9/fonts/type1/public/amsfonts/cm/cmsy10.pfb><C:/Program Files (x8
6)/MiKTeX 2.9/fonts/type1/public/amsfonts/cm/cmti10.pfb>
Output written on "Technical Report.pdf" (12 pages, 23336667 bytes).
=======
 11000 strings out of 493921
 161251 string characters out of 3147270
 258438 words of memory out of 3000000
 14016 multiletter control sequences out of 15000+200000
 11885 words of font info for 45 fonts, out of 3000000 for 9000
 841 hyphenation exceptions out of 8191
 42i,18n,45p,919b,479s stack positions out of 5000i,500n,10000p,200000b,50000s
<C:/Program Files/MiKTeX 2.9/fonts/type1/public/amsfonts/cm/cmbx10.pfb><C:/Pr
ogram Files/MiKTeX 2.9/fonts/type1/public/amsfonts/cm/cmbx12.pfb><C:/Program Fi
les/MiKTeX 2.9/fonts/type1/public/amsfonts/cm/cmbx8.pfb><C:/Program Files/MiKTe
X 2.9/fonts/type1/public/amsfonts/cm/cmr10.pfb><C:/Program Files/MiKTeX 2.9/fon
ts/type1/public/amsfonts/cm/cmr12.pfb><C:/Program Files/MiKTeX 2.9/fonts/type1/
public/amsfonts/cm/cmr8.pfb><C:/Program Files/MiKTeX 2.9/fonts/type1/public/ams
fonts/cm/cmr9.pfb><C:/Program Files/MiKTeX 2.9/fonts/type1/public/amsfonts/cm/c
msy10.pfb><C:/Program Files/MiKTeX 2.9/fonts/type1/public/amsfonts/cm/cmti10.pf
b>
Output written on "Technical Report.pdf" (12 pages, 23342685 bytes).
>>>>>>> More report
PDF statistics:
 295 PDF objects out of 1000 (max. 8388607)
 56 named destinations out of 1000 (max. 500000)
 253 words of extra memory for PDF output out of 10000 (max. 10000000)

