\BOOKMARK [1][-]{section.1}{Introduction}{}% 1
\BOOKMARK [1][-]{section.2}{System Core}{}% 2
\BOOKMARK [2][-]{subsection.2.1}{Entity System}{section.2}% 3
\BOOKMARK [2][-]{subsection.2.2}{Rendering}{section.2}% 4
\BOOKMARK [2][-]{subsection.2.3}{Physics}{section.2}% 5
\BOOKMARK [3][-]{subsubsection.2.3.1}{SpherePhysics}{subsection.2.3}% 6
\BOOKMARK [3][-]{subsubsection.2.3.2}{SpherePhysicsSystem}{subsection.2.3}% 7
\BOOKMARK [3][-]{subsubsection.2.3.3}{SphereSphereCollisionSystem}{subsection.2.3}% 8
\BOOKMARK [3][-]{subsubsection.2.3.4}{SphereTerrainCollisionSystem}{subsection.2.3}% 9
\BOOKMARK [1][-]{section.3}{Generating a World}{}% 10
\BOOKMARK [2][-]{subsection.3.1}{Sky}{section.3}% 11
\BOOKMARK [2][-]{subsection.3.2}{Ocean}{section.3}% 12
\BOOKMARK [2][-]{subsection.3.3}{Terrain}{section.3}% 13
\BOOKMARK [2][-]{subsection.3.4}{Ground}{section.3}% 14
\BOOKMARK [2][-]{subsection.3.5}{Vegetation}{section.3}% 15
\BOOKMARK [2][-]{subsection.3.6}{Volcano}{section.3}% 16
\BOOKMARK [1][-]{section.4}{Visual Effects}{}% 17
\BOOKMARK [2][-]{subsection.4.1}{Shadows}{section.4}% 18
\BOOKMARK [2][-]{subsection.4.2}{Distance fog}{section.4}% 19
\BOOKMARK [2][-]{subsection.4.3}{Normal Mapping}{section.4}% 20
\BOOKMARK [1][-]{section.5}{Conclusions}{}% 21
\BOOKMARK [1][-]{section*.39}{References}{}% 22
